# JRE version: Java(TM) SE Runtime Environment (8.0_121-b13) (build 1.8.0_121-b13)
# Java VM: Java HotSpot(TM) 64-Bit Server VM (25.121-b13 mixed mode linux-amd64 compressed oops)
Heap:
 PSYoungGen      total 24064K, used 32K [0x00000000d7180000, 0x00000000e3480000, 0x0000000100000000)
  eden space 23552K, 0% used [0x00000000d7180000,0x00000000d7180000,0x00000000d8880000)
  from space 512K, 6% used [0x00000000e3380000,0x00000000e3388000,0x00000000e3400000)
  to   space 512K, 0% used [0x00000000e3400000,0x00000000e3400000,0x00000000e3480000)
 ParOldGen       total 84992K, used 364K [0x0000000085400000, 0x000000008a700000, 0x00000000d7180000)
  object space 84992K, 0% used [0x0000000085400000,0x000000008545b060,0x000000008a700000)
 Metaspace       used 3056K, capacity 4494K, committed 4864K, reserved 1056768K
  class space    used 331K, capacity 386K, committed 512K, reserved 1048576K
GC Heap History (10 events):
Event: 1850,179 GC heap after
Heap after GC invocations=4266 (full 0):
 PSYoungGen      total 24064K, used 32K [0x00000000d7180000, 0x00000000e3480000, 0x0000000100000000)
  eden space 23552K, 0% used [0x00000000d7180000,0x00000000d7180000,0x00000000d8880000)
  from space 512K, 6% used [0x00000000e3400000,0x00000000e3408000,0x00000000e3480000)
  to   space 512K, 0% used [0x00000000e3380000,0x00000000e3380000,0x00000000e3400000)
 ParOldGen       total 84992K, used 364K [0x0000000085400000, 0x000000008a700000, 0x00000000d7180000)
  object space 84992K, 0% used [0x0000000085400000,0x000000008545b060,0x000000008a700000)
 Metaspace       used 3056K, capacity 4494K, committed 4864K, reserved 1056768K
  class space    used 331K, capacity 386K, committed 512K, reserved 1048576K
}
Event: 1850,492 GC heap before
{Heap before GC invocations=4267 (full 0):
 PSYoungGen      total 24064K, used 23584K [0x00000000d7180000, 0x00000000e3480000, 0x0000000100000000)
  eden space 23552K, 100% used [0x00000000d7180000,0x00000000d8880000,0x00000000d8880000)
  from space 512K, 6% used [0x00000000e3400000,0x00000000e3408000,0x00000000e3480000)
  to   space 512K, 0% used [0x00000000e3380000,0x00000000e3380000,0x00000000e3400000)
 ParOldGen       total 84992K, used 364K [0x0000000085400000, 0x000000008a700000, 0x00000000d7180000)
  object space 84992K, 0% used [0x0000000085400000,0x000000008545b060,0x000000008a700000)
 Metaspace       used 3056K, capacity 4494K, committed 4864K, reserved 1056768K
  class space    used 331K, capacity 386K, committed 512K, reserved 1048576K
Event: 1850,492 GC heap after
Heap after GC invocations=4267 (full 0):
 PSYoungGen      total 24064K, used 32K [0x00000000d7180000, 0x00000000e3480000, 0x0000000100000000)
  eden space 23552K, 0% used [0x00000000d7180000,0x00000000d7180000,0x00000000d8880000)
  from space 512K, 6% used [0x00000000e3380000,0x00000000e3388000,0x00000000e3400000)
  to   space 512K, 0% used [0x00000000e3400000,0x00000000e3400000,0x00000000e3480000)
 ParOldGen       total 84992K, used 364K [0x0000000085400000, 0x000000008a700000, 0x00000000d7180000)
  object space 84992K, 0% used [0x0000000085400000,0x000000008545b060,0x000000008a700000)
 Metaspace       used 3056K, capacity 4494K, committed 4864K, reserved 1056768K
  class space    used 331K, capacity 386K, committed 512K, reserved 1048576K
}
Event: 1850,804 GC heap before
{Heap before GC invocations=4268 (full 0):
 PSYoungGen      total 24064K, used 23584K [0x00000000d7180000, 0x00000000e3480000, 0x0000000100000000)
  eden space 23552K, 100% used [0x00000000d7180000,0x00000000d8880000,0x00000000d8880000)
  from space 512K, 6% used [0x00000000e3380000,0x00000000e3388000,0x00000000e3400000)
  to   space 512K, 0% used [0x00000000e3400000,0x00000000e3400000,0x00000000e3480000)
 ParOldGen       total 84992K, used 364K [0x0000000085400000, 0x000000008a700000, 0x00000000d7180000)
  object space 84992K, 0% used [0x0000000085400000,0x000000008545b060,0x000000008a700000)
 Metaspace       used 3056K, capacity 4494K, committed 4864K, reserved 1056768K
  class space    used 331K, capacity 386K, committed 512K, reserved 1048576K
Event: 1850,805 GC heap after
Heap after GC invocations=4268 (full 0):
 PSYoungGen      total 24064K, used 32K [0x00000000d7180000, 0x00000000e3480000, 0x0000000100000000)
  eden space 23552K, 0% used [0x00000000d7180000,0x00000000d7180000,0x00000000d8880000)
  from space 512K, 6% used [0x00000000e3400000,0x00000000e3408000,0x00000000e3480000)
  to   space 512K, 0% used [0x00000000e3380000,0x00000000e3380000,0x00000000e3400000)
 ParOldGen       total 84992K, used 364K [0x0000000085400000, 0x000000008a700000, 0x00000000d7180000)
  object space 84992K, 0% used [0x0000000085400000,0x000000008545b060,0x000000008a700000)
 Metaspace       used 3056K, capacity 4494K, committed 4864K, reserved 1056768K
  class space    used 331K, capacity 386K, committed 512K, reserved 1048576K
}
Event: 1851,116 GC heap before
{Heap before GC invocations=4269 (full 0):
 PSYoungGen      total 24064K, used 23584K [0x00000000d7180000, 0x00000000e3480000, 0x0000000100000000)
  eden space 23552K, 100% used [0x00000000d7180000,0x00000000d8880000,0x00000000d8880000)
  from space 512K, 6% used [0x00000000e3400000,0x00000000e3408000,0x00000000e3480000)
  to   space 512K, 0% used [0x00000000e3380000,0x00000000e3380000,0x00000000e3400000)
 ParOldGen       total 84992K, used 364K [0x0000000085400000, 0x000000008a700000, 0x00000000d7180000)
  object space 84992K, 0% used [0x0000000085400000,0x000000008545b060,0x000000008a700000)
 Metaspace       used 3056K, capacity 4494K, committed 4864K, reserved 1056768K
  class space    used 331K, capacity 386K, committed 512K, reserved 1048576K
Event: 1851,119 GC heap after
Heap after GC invocations=4269 (full 0):
 PSYoungGen      total 24064K, used 32K [0x00000000d7180000, 0x00000000e3480000, 0x0000000100000000)
  eden space 23552K, 0% used [0x00000000d7180000,0x00000000d7180000,0x00000000d8880000)
  from space 512K, 6% used [0x00000000e3380000,0x00000000e3388000,0x00000000e3400000)
  to   space 512K, 0% used [0x00000000e3400000,0x00000000e3400000,0x00000000e3480000)
 ParOldGen       total 84992K, used 364K [0x0000000085400000, 0x000000008a700000, 0x00000000d7180000)
  object space 84992K, 0% used [0x0000000085400000,0x000000008545b060,0x000000008a700000)
 Metaspace       used 3056K, capacity 4494K, committed 4864K, reserved 1056768K
  class space    used 331K, capacity 386K, committed 512K, reserved 1048576K
}
Event: 1851,431 GC heap before
{Heap before GC invocations=4270 (full 0):
 PSYoungGen      total 24064K, used 23584K [0x00000000d7180000, 0x00000000e3480000, 0x0000000100000000)
  eden space 23552K, 100% used [0x00000000d7180000,0x00000000d8880000,0x00000000d8880000)
  from space 512K, 6% used [0x00000000e3380000,0x00000000e3388000,0x00000000e3400000)
  to   space 512K, 0% used [0x00000000e3400000,0x00000000e3400000,0x00000000e3480000)
 ParOldGen       total 84992K, used 364K [0x0000000085400000, 0x000000008a700000, 0x00000000d7180000)
  object space 84992K, 0% used [0x0000000085400000,0x000000008545b060,0x000000008a700000)
 Metaspace       used 3056K, capacity 4494K, committed 4864K, reserved 1056768K
  class space    used 331K, capacity 386K, committed 512K, reserved 1048576K
Event: 1851,432 GC heap after
Heap after GC invocations=4270 (full 0):
 PSYoungGen      total 24064K, used 32K [0x00000000d7180000, 0x00000000e3480000, 0x0000000100000000)
  eden space 23552K, 0% used [0x00000000d7180000,0x00000000d7180000,0x00000000d8880000)
  from space 512K, 6% used [0x00000000e3400000,0x00000000e3408000,0x00000000e3480000)
  to   space 512K, 0% used [0x00000000e3380000,0x00000000e3380000,0x00000000e3400000)
 ParOldGen       total 84992K, used 364K [0x0000000085400000, 0x000000008a700000, 0x00000000d7180000)
  object space 84992K, 0% used [0x0000000085400000,0x000000008545b060,0x000000008a700000)
 Metaspace       used 3056K, capacity 4494K, committed 4864K, reserved 1056768K
  class space    used 331K, capacity 386K, committed 512K, reserved 1048576K
}
Event: 1851,743 GC heap before
{Heap before GC invocations=4271 (full 0):
 PSYoungGen      total 24064K, used 23584K [0x00000000d7180000, 0x00000000e3480000, 0x0000000100000000)
  eden space 23552K, 100% used [0x00000000d7180000,0x00000000d8880000,0x00000000d8880000)
  from space 512K, 6% used [0x00000000e3400000,0x00000000e3408000,0x00000000e3480000)
  to   space 512K, 0% used [0x00000000e3380000,0x00000000e3380000,0x00000000e3400000)
 ParOldGen       total 84992K, used 364K [0x0000000085400000, 0x000000008a700000, 0x00000000d7180000)
  object space 84992K, 0% used [0x0000000085400000,0x000000008545b060,0x000000008a700000)
 Metaspace       used 3056K, capacity 4494K, committed 4864K, reserved 1056768K
  class space    used 331K, capacity 386K, committed 512K, reserved 1048576K

